0 info it worked if it ends with ok
1 verbose cli [ '/Users/imac023/.nodebrew/node/v0.8.14/bin/node',
1 verbose cli   '/Users/imac023/.nodebrew/current/bin/npm',
1 verbose cli   'install' ]
2 info using npm@1.1.65
3 info using node@v0.8.14
4 verbose read json /Dropbox/javascripts/p/package.json
5 error install Couldn't read dependencies
6 error Failed to parse json
6 error Unexpected token /
7 error File: /Dropbox/javascripts/p/package.json
8 error Failed to parse package.json data.
8 error package.json must be actual JSON, not just JavaScript.
8 error
8 error This is not a bug in npm.
8 error Tell the package author to fix their package.json file. JSON.parse
9 error System Darwin 11.4.2
10 error command "/Users/imac023/.nodebrew/node/v0.8.14/bin/node" "/Users/imac023/.nodebrew/current/bin/npm" "install"
11 error cwd /Dropbox/javascripts/p
12 error node -v v0.8.14
13 error npm -v 1.1.65
14 error file /Dropbox/javascripts/p/package.json
15 error code EJSONPARSE
16 verbose exit [ 1, true ]
